[0m[1mdocker_image.nginx: Refreshing state... [id=sha256:4a86014ec6994761b7f3118cf47e4b4fd6bac15fc6fa262c4f356386bbc0e9d9nginx:alpine][0m
[0m[1mdocker_network.demo: Refreshing state... [id=9cd63323040714e8737935062c92118efeea00e18720aa1d282219f0a9771f67][0m
[0m[1mdocker_container.web: Refreshing state... [id=70b00e48df80c74125ed43cf2f31271f7159f033aa3dca5c96881f0978122ed6][0m

Terraform used the selected providers to generate the following execution
plan. Resource actions are indicated with the following symbols:
  [31m-[0m destroy[0m

Terraform will perform the following actions:

[1m  # docker_container.web[0m will be [1m[31mdestroyed[0m
[0m  [31m-[0m[0m resource "docker_container" "web" {
      [31m-[0m[0m attach                                      = false [90m-> null[0m[0m
      [31m-[0m[0m command                                     = [
          [31m-[0m[0m "nginx",
          [31m-[0m[0m "-g",
          [31m-[0m[0m "daemon off;",
        ] [90m-> null[0m[0m
      [31m-[0m[0m container_read_refresh_timeout_milliseconds = 15000 [90m-> null[0m[0m
      [31m-[0m[0m cpu_shares                                  = 0 [90m-> null[0m[0m
      [31m-[0m[0m dns                                         = [] [90m-> null[0m[0m
      [31m-[0m[0m dns_opts                                    = [] [90m-> null[0m[0m
      [31m-[0m[0m dns_search                                  = [] [90m-> null[0m[0m
      [31m-[0m[0m entrypoint                                  = [
          [31m-[0m[0m "/docker-entrypoint.sh",
        ] [90m-> null[0m[0m
      [31m-[0m[0m env                                         = [
          [31m-[0m[0m "TZ=Asia/Kolkata",
        ] [90m-> null[0m[0m
      [31m-[0m[0m group_add                                   = [] [90m-> null[0m[0m
      [31m-[0m[0m hostname                                    = "70b00e48df80" [90m-> null[0m[0m
      [31m-[0m[0m id                                          = "70b00e48df80c74125ed43cf2f31271f7159f033aa3dca5c96881f0978122ed6" [90m-> null[0m[0m
      [31m-[0m[0m image                                       = "sha256:4a86014ec6994761b7f3118cf47e4b4fd6bac15fc6fa262c4f356386bbc0e9d9" [90m-> null[0m[0m
      [31m-[0m[0m init                                        = false [90m-> null[0m[0m
      [31m-[0m[0m ipc_mode                                    = "private" [90m-> null[0m[0m
      [31m-[0m[0m log_driver                                  = "json-file" [90m-> null[0m[0m
      [31m-[0m[0m log_opts                                    = {} [90m-> null[0m[0m
      [31m-[0m[0m logs                                        = false [90m-> null[0m[0m
      [31m-[0m[0m max_retry_count                             = 0 [90m-> null[0m[0m
      [31m-[0m[0m memory                                      = 0 [90m-> null[0m[0m
      [31m-[0m[0m memory_swap                                 = 0 [90m-> null[0m[0m
      [31m-[0m[0m must_run                                    = true [90m-> null[0m[0m
      [31m-[0m[0m name                                        = "tf-nginx" [90m-> null[0m[0m
      [31m-[0m[0m network_data                                = [
          [31m-[0m[0m {
              [31m-[0m[0m gateway                   = "172.18.0.1"
              [31m-[0m[0m global_ipv6_prefix_length = 0
              [31m-[0m[0m ip_address                = "172.18.0.2"
              [31m-[0m[0m ip_prefix_length          = 16
              [31m-[0m[0m mac_address               = "b6:49:0c:36:f7:65"
              [31m-[0m[0m network_name              = "tf-demo-net"
                [90m# (2 unchanged attributes hidden)[0m[0m
            },
        ] [90m-> null[0m[0m
      [31m-[0m[0m network_mode                                = "bridge" [90m-> null[0m[0m
      [31m-[0m[0m privileged                                  = false [90m-> null[0m[0m
      [31m-[0m[0m publish_all_ports                           = false [90m-> null[0m[0m
      [31m-[0m[0m read_only                                   = false [90m-> null[0m[0m
      [31m-[0m[0m remove_volumes                              = true [90m-> null[0m[0m
      [31m-[0m[0m restart                                     = "unless-stopped" [90m-> null[0m[0m
      [31m-[0m[0m rm                                          = false [90m-> null[0m[0m
      [31m-[0m[0m runtime                                     = "runc" [90m-> null[0m[0m
      [31m-[0m[0m security_opts                               = [] [90m-> null[0m[0m
      [31m-[0m[0m shm_size                                    = 64 [90m-> null[0m[0m
      [31m-[0m[0m start                                       = true [90m-> null[0m[0m
      [31m-[0m[0m stdin_open                                  = false [90m-> null[0m[0m
      [31m-[0m[0m stop_signal                                 = "SIGQUIT" [90m-> null[0m[0m
      [31m-[0m[0m stop_timeout                                = 0 [90m-> null[0m[0m
      [31m-[0m[0m storage_opts                                = {} [90m-> null[0m[0m
      [31m-[0m[0m sysctls                                     = {} [90m-> null[0m[0m
      [31m-[0m[0m tmpfs                                       = {} [90m-> null[0m[0m
      [31m-[0m[0m tty                                         = false [90m-> null[0m[0m
      [31m-[0m[0m wait                                        = false [90m-> null[0m[0m
      [31m-[0m[0m wait_timeout                                = 60 [90m-> null[0m[0m
      [31m-[0m[0m working_dir                                 = "/" [90m-> null[0m[0m
        [90m# (6 unchanged attributes hidden)[0m[0m

      [31m-[0m[0m networks_advanced {
          [31m-[0m[0m aliases      = [] [90m-> null[0m[0m
          [31m-[0m[0m name         = "tf-demo-net" [90m-> null[0m[0m
            [90m# (2 unchanged attributes hidden)[0m[0m
        }

      [31m-[0m[0m ports {
          [31m-[0m[0m external = 8080 [90m-> null[0m[0m
          [31m-[0m[0m internal = 80 [90m-> null[0m[0m
          [31m-[0m[0m ip       = "0.0.0.0" [90m-> null[0m[0m
          [31m-[0m[0m protocol = "tcp" [90m-> null[0m[0m
        }
    }

[1m  # docker_image.nginx[0m will be [1m[31mdestroyed[0m
[0m  [31m-[0m[0m resource "docker_image" "nginx" {
      [31m-[0m[0m id           = "sha256:4a86014ec6994761b7f3118cf47e4b4fd6bac15fc6fa262c4f356386bbc0e9d9nginx:alpine" [90m-> null[0m[0m
      [31m-[0m[0m image_id     = "sha256:4a86014ec6994761b7f3118cf47e4b4fd6bac15fc6fa262c4f356386bbc0e9d9" [90m-> null[0m[0m
      [31m-[0m[0m keep_locally = true [90m-> null[0m[0m
      [31m-[0m[0m name         = "nginx:alpine" [90m-> null[0m[0m
      [31m-[0m[0m repo_digest  = "nginx@sha256:42a516af16b852e33b7682d5ef8acbd5d13fe08fecadc7ed98605ba5e3b26ab8" [90m-> null[0m[0m
    }

[1m  # docker_network.demo[0m will be [1m[31mdestroyed[0m
[0m  [31m-[0m[0m resource "docker_network" "demo" {
      [31m-[0m[0m attachable   = false [90m-> null[0m[0m
      [31m-[0m[0m driver       = "bridge" [90m-> null[0m[0m
      [31m-[0m[0m id           = "9cd63323040714e8737935062c92118efeea00e18720aa1d282219f0a9771f67" [90m-> null[0m[0m
      [31m-[0m[0m ingress      = false [90m-> null[0m[0m
      [31m-[0m[0m internal     = false [90m-> null[0m[0m
      [31m-[0m[0m ipam_driver  = "default" [90m-> null[0m[0m
      [31m-[0m[0m ipam_options = {} [90m-> null[0m[0m
      [31m-[0m[0m ipv6         = false [90m-> null[0m[0m
      [31m-[0m[0m name         = "tf-demo-net" [90m-> null[0m[0m
      [31m-[0m[0m options      = {} [90m-> null[0m[0m
      [31m-[0m[0m scope        = "local" [90m-> null[0m[0m

      [31m-[0m[0m ipam_config {
          [31m-[0m[0m aux_address = {} [90m-> null[0m[0m
          [31m-[0m[0m gateway     = "172.18.0.1" [90m-> null[0m[0m
          [31m-[0m[0m subnet      = "172.18.0.0/16" [90m-> null[0m[0m
            [90m# (1 unchanged attribute hidden)[0m[0m
        }
    }

[1mPlan:[0m 0 to add, 0 to change, 3 to destroy.
[0m
Changes to Outputs:
  [31m-[0m[0m container_id   = "70b00e48df80c74125ed43cf2f31271f7159f033aa3dca5c96881f0978122ed6" [90m-> null[0m[0m
  [31m-[0m[0m container_name = "tf-nginx" [90m-> null[0m[0m
  [31m-[0m[0m web_url        = "http://localhost:8080" [90m-> null[0m[0m
[0m[1mdocker_container.web: Destroying... [id=70b00e48df80c74125ed43cf2f31271f7159f033aa3dca5c96881f0978122ed6][0m[0m
[0m[1mdocker_container.web: Destruction complete after 1s[0m
[0m[1mdocker_network.demo: Destroying... [id=9cd63323040714e8737935062c92118efeea00e18720aa1d282219f0a9771f67][0m[0m
[0m[1mdocker_image.nginx: Destroying... [id=sha256:4a86014ec6994761b7f3118cf47e4b4fd6bac15fc6fa262c4f356386bbc0e9d9nginx:alpine][0m[0m
[0m[1mdocker_image.nginx: Destruction complete after 0s[0m
[0m[1mdocker_network.demo: Destruction complete after 2s[0m
[0m[1m[32m
Destroy complete! Resources: 3 destroyed.
[0m